test-cases.py:2: error: Incompatible types in assignment (expression has type "bool", variable has type "int")
test-cases.py:16: error: Incompatible return value type (got "bool", expected "int")
test-cases.py:20: error: Incompatible return value type (got "bool", expected "int")
Found 3 errors in 1 file (checked 1 source file)
