shitty-test.py:25: error: Argument 1 to "f6" has incompatible type "int"; expected "bool"
shitty-test.py:28: error: Incompatible return value type (got "int", expected "bool")
Found 2 errors in 1 file (checked 1 source file)
